-------------------------------------------------------------------------------
Test set: com.cristianruizblog.loginSecurity.LoginSecurityTutorialApplicationTests
-------------------------------------------------------------------------------
Tests run: 1, Failures: 0, Errors: 1, Skipped: 0, Time elapsed: 0.522 s <<< FAILURE! - in com.cristianruizblog.loginSecurity.LoginSecurityTutorialApplicationTests
initializationError(com.cristianruizblog.loginSecurity.LoginSecurityTutorialApplicationTests)  Time elapsed: 0.021 s  <<< ERROR!
java.lang.IllegalStateException: Unable to find a @SpringBootConfiguration, you need to use @ContextConfiguration or @SpringBootTest(classes=...) with your test

