<?xml version="1.0" encoding="UTF-8"?>
<testsuite xmlns:xsi="http://www.w3.org/2001/XMLSchema-instance" xsi:noNamespaceSchemaLocation="https://maven.apache.org/surefire/maven-surefire-plugin/xsd/surefire-test-report.xsd" name="com.cristianruizblog.loginSecurity.LoginSecurityTutorialApplicationTests" time="0.522" tests="1" errors="1" skipped="0" failures="0">
  <properties>
[...]
</properties>
  <testcase name="initializationError" classname="com.cristianruizblog.loginSecurity.LoginSecurityTutorialApplicationTests" time="0.021">
    <error message="Unable to find a @SpringBootConfiguration, you need to use @ContextConfiguration or @SpringBootTest(classes=...) with your test" type="java.lang.IllegalStateException">java.lang.IllegalStateException: Unable to find a @SpringBootConfiguration, you need to use @ContextConfiguration or @SpringBootTest(classes=...) with your test
</error>
    <system-out><![CDATA[16:28:43.518 [main] DEBUG org.springframework.test.context.junit4.SpringJUnit4ClassRunner - SpringJUnit4ClassRunner constructor called with [class com.cristianruizblog.loginSecurity.LoginSecurityTutorialApplicationTests]
16:28:43.523 [main] DEBUG org.springframework.test.context.BootstrapUtils - Instantiating CacheAwareContextLoaderDelegate from class [org.springframework.test.context.cache.DefaultCacheAwareContextLoaderDelegate]
16:28:43.535 [main] DEBUG org.springframework.test.context.BootstrapUtils - Instantiating BootstrapContext using constructor [public org.springframework.test.context.support.DefaultBootstrapContext(java.lang.Class,org.springframework.test.context.CacheAwareContextLoaderDelegate)]
16:28:43.554 [main] DEBUG org.springframework.test.context.BootstrapUtils - Instantiating TestContextBootstrapper for test class [com.cristianruizblog.loginSecurity.LoginSecurityTutorialApplicationTests] from class [org.springframework.boot.test.context.SpringBootTestContextBootstrapper]
16:28:43.575 [main] INFO org.springframework.boot.test.context.SpringBootTestContextBootstrapper - Neither @ContextConfiguration nor @ContextHierarchy found for test class [com.cristianruizblog.loginSecurity.LoginSecurityTutorialApplicationTests], using SpringBootContextLoader
16:28:43.580 [main] DEBUG org.springframework.test.context.support.AbstractContextLoader - Did not detect default resource location for test class [com.cristianruizblog.loginSecurity.LoginSecurityTutorialApplicationTests]: class path resource [com/cristianruizblog/loginSecurity/LoginSecurityTutorialApplicationTests-context.xml] does not exist
16:28:43.586 [main] DEBUG org.springframework.test.context.support.AbstractContextLoader - Did not detect default resource location for test class [com.cristianruizblog.loginSecurity.LoginSecurityTutorialApplicationTests]: class path resource [com/cristianruizblog/loginSecurity/LoginSecurityTutorialApplicationTestsContext.groovy] does not exist
16:28:43.587 [main] INFO org.springframework.test.context.support.AbstractContextLoader - Could not detect default resource locations for test class [com.cristianruizblog.loginSecurity.LoginSecurityTutorialApplicationTests]: no resource found for suffixes {-context.xml, Context.groovy}.
16:28:43.588 [main] INFO org.springframework.test.context.support.AnnotationConfigContextLoaderUtils - Could not detect default configuration classes for test class [com.cristianruizblog.loginSecurity.LoginSecurityTutorialApplicationTests]: LoginSecurityTutorialApplicationTests does not declare any static, non-private, non-final, nested classes annotated with @Configuration.
16:28:43.639 [main] DEBUG org.springframework.test.context.support.ActiveProfilesUtils - Could not find an 'annotation declaring class' for annotation type [org.springframework.test.context.ActiveProfiles] and class [com.cristianruizblog.loginSecurity.LoginSecurityTutorialApplicationTests]
]]></system-out>
  </testcase>
</testsuite>